# JRE version: Java(TM) SE Runtime Environment (8.0_121-b13) (build 1.8.0_121-b13)
# Java VM: Java HotSpot(TM) 64-Bit Server VM (25.121-b13 mixed mode windows-amd64 compressed oops)
Heap:
 PSYoungGen      total 146944K, used 123579K [0x00000000f5580000, 0x0000000100000000, 0x0000000100000000)
  eden space 127488K, 83% used [0x00000000f5580000,0x00000000fbe116f8,0x00000000fd200000)
  from space 19456K, 84% used [0x00000000fed00000,0x00000000ffd1d8f8,0x0000000100000000)
  to   space 23552K, 0% used [0x00000000fd200000,0x00000000fd200000,0x00000000fe900000)
 ParOldGen       total 175104K, used 37293K [0x00000000e0000000, 0x00000000eab00000, 0x00000000f5580000)
  object space 175104K, 21% used [0x00000000e0000000,0x00000000e246b750,0x00000000eab00000)
 Metaspace       used 67827K, capacity 71638K, committed 71808K, reserved 1110016K
  class space    used 9537K, capacity 10359K, committed 10368K, reserved 1048576K
GC Heap History (10 events):
Event: 38.035 GC heap before
{Heap before GC invocations=9 (full 2):
 PSYoungGen      total 159744K, used 143872K [0x00000000f5580000, 0x0000000100000000, 0x0000000100000000)
  eden space 143872K, 100% used [0x00000000f5580000,0x00000000fe200000,0x00000000fe200000)
  from space 15872K, 0% used [0x00000000ff080000,0x00000000ff080000,0x0000000100000000)
  to   space 14848K, 0% used [0x00000000fe200000,0x00000000fe200000,0x00000000ff080000)
 ParOldGen       total 175104K, used 16229K [0x00000000e0000000, 0x00000000eab00000, 0x00000000f5580000)
  object space 175104K, 9% used [0x00000000e0000000,0x00000000e0fd96e0,0x00000000eab00000)
 Metaspace       used 38457K, capacity 40308K, committed 40448K, reserved 1083392K
  class space    used 5382K, capacity 5791K, committed 5888K, reserved 1048576K
Event: 38.072 GC heap after
Heap after GC invocations=9 (full 2):
 PSYoungGen      total 158720K, used 7898K [0x00000000f5580000, 0x00000000fff00000, 0x0000000100000000)
  eden space 143872K, 0% used [0x00000000f5580000,0x00000000f5580000,0x00000000fe200000)
  from space 14848K, 53% used [0x00000000fe200000,0x00000000fe9b6970,0x00000000ff080000)
  to   space 14848K, 0% used [0x00000000ff080000,0x00000000ff080000,0x00000000fff00000)
 ParOldGen       total 175104K, used 16229K [0x00000000e0000000, 0x00000000eab00000, 0x00000000f5580000)
  object space 175104K, 9% used [0x00000000e0000000,0x00000000e0fd96e0,0x00000000eab00000)
 Metaspace       used 38457K, capacity 40308K, committed 40448K, reserved 1083392K
  class space    used 5382K, capacity 5791K, committed 5888K, reserved 1048576K
}
Event: 45.092 GC heap before
{Heap before GC invocations=10 (full 2):
 PSYoungGen      total 158720K, used 151770K [0x00000000f5580000, 0x00000000fff00000, 0x0000000100000000)
  eden space 143872K, 100% used [0x00000000f5580000,0x00000000fe200000,0x00000000fe200000)
  from space 14848K, 53% used [0x00000000fe200000,0x00000000fe9b6970,0x00000000ff080000)
  to   space 14848K, 0% used [0x00000000ff080000,0x00000000ff080000,0x00000000fff00000)
 ParOldGen       total 175104K, used 16229K [0x00000000e0000000, 0x00000000eab00000, 0x00000000f5580000)
  object space 175104K, 9% used [0x00000000e0000000,0x00000000e0fd96e0,0x00000000eab00000)
 Metaspace       used 51699K, capacity 54082K, committed 54272K, reserved 1095680K
  class space    used 7088K, capacity 7628K, committed 7680K, reserved 1048576K
Event: 45.166 GC heap after
Heap after GC invocations=10 (full 2):
 PSYoungGen      total 150528K, used 14847K [0x00000000f5580000, 0x0000000100000000, 0x0000000100000000)
  eden space 135680K, 0% used [0x00000000f5580000,0x00000000f5580000,0x00000000fda00000)
  from space 14848K, 99% used [0x00000000ff080000,0x00000000ffeffda0,0x00000000fff00000)
  to   space 19456K, 0% used [0x00000000fda00000,0x00000000fda00000,0x00000000fed00000)
 ParOldGen       total 175104K, used 22634K [0x00000000e0000000, 0x00000000eab00000, 0x00000000f5580000)
  object space 175104K, 12% used [0x00000000e0000000,0x00000000e161aa38,0x00000000eab00000)
 Metaspace       used 51699K, capacity 54082K, committed 54272K, reserved 1095680K
  class space    used 7088K, capacity 7628K, committed 7680K, reserved 1048576K
}
Event: 93.114 GC heap before
{Heap before GC invocations=11 (full 2):
 PSYoungGen      total 150528K, used 108725K [0x00000000f5580000, 0x0000000100000000, 0x0000000100000000)
  eden space 135680K, 69% used [0x00000000f5580000,0x00000000fb12d790,0x00000000fda00000)
  from space 14848K, 99% used [0x00000000ff080000,0x00000000ffeffda0,0x00000000fff00000)
  to   space 19456K, 0% used [0x00000000fda00000,0x00000000fda00000,0x00000000fed00000)
 ParOldGen       total 175104K, used 22634K [0x00000000e0000000, 0x00000000eab00000, 0x00000000f5580000)
  object space 175104K, 12% used [0x00000000e0000000,0x00000000e161aa38,0x00000000eab00000)
 Metaspace       used 56624K, capacity 59010K, committed 59136K, reserved 1099776K
  class space    used 7900K, capacity 8441K, committed 8448K, reserved 1048576K
Event: 93.191 GC heap after
Heap after GC invocations=11 (full 2):
 PSYoungGen      total 155136K, used 19439K [0x00000000f5580000, 0x0000000100000000, 0x0000000100000000)
  eden space 135680K, 0% used [0x00000000f5580000,0x00000000f5580000,0x00000000fda00000)
  from space 19456K, 99% used [0x00000000fda00000,0x00000000fecfbc20,0x00000000fed00000)
  to   space 19456K, 0% used [0x00000000fed00000,0x00000000fed00000,0x0000000100000000)
 ParOldGen       total 175104K, used 25932K [0x00000000e0000000, 0x00000000eab00000, 0x00000000f5580000)
  object space 175104K, 14% used [0x00000000e0000000,0x00000000e1953360,0x00000000eab00000)
 Metaspace       used 56624K, capacity 59010K, committed 59136K, reserved 1099776K
  class space    used 7900K, capacity 8441K, committed 8448K, reserved 1048576K
}
Event: 93.191 GC heap before
{Heap before GC invocations=12 (full 3):
 PSYoungGen      total 155136K, used 19439K [0x00000000f5580000, 0x0000000100000000, 0x0000000100000000)
  eden space 135680K, 0% used [0x00000000f5580000,0x00000000f5580000,0x00000000fda00000)
  from space 19456K, 99% used [0x00000000fda00000,0x00000000fecfbc20,0x00000000fed00000)
  to   space 19456K, 0% used [0x00000000fed00000,0x00000000fed00000,0x0000000100000000)
 ParOldGen       total 175104K, used 25932K [0x00000000e0000000, 0x00000000eab00000, 0x00000000f5580000)
  object space 175104K, 14% used [0x00000000e0000000,0x00000000e1953360,0x00000000eab00000)
 Metaspace       used 56624K, capacity 59010K, committed 59136K, reserved 1099776K
  class space    used 7900K, capacity 8441K, committed 8448K, reserved 1048576K
Event: 94.024 GC heap after
Heap after GC invocations=12 (full 3):
 PSYoungGen      total 155136K, used 0K [0x00000000f5580000, 0x0000000100000000, 0x0000000100000000)
  eden space 135680K, 0% used [0x00000000f5580000,0x00000000f5580000,0x00000000fda00000)
  from space 19456K, 0% used [0x00000000fda00000,0x00000000fda00000,0x00000000fed00000)
  to   space 19456K, 0% used [0x00000000fed00000,0x00000000fed00000,0x0000000100000000)
 ParOldGen       total 175104K, used 37285K [0x00000000e0000000, 0x00000000eab00000, 0x00000000f5580000)
  object space 175104K, 21% used [0x00000000e0000000,0x00000000e2469750,0x00000000eab00000)
 Metaspace       used 56613K, capacity 58974K, committed 59136K, reserved 1099776K
  class space    used 7897K, capacity 8435K, committed 8448K, reserved 1048576K
}
Event: 115.830 GC heap before
{Heap before GC invocations=13 (full 3):
 PSYoungGen      total 155136K, used 135680K [0x00000000f5580000, 0x0000000100000000, 0x0000000100000000)
  eden space 135680K, 100% used [0x00000000f5580000,0x00000000fda00000,0x00000000fda00000)
  from space 19456K, 0% used [0x00000000fda00000,0x00000000fda00000,0x00000000fed00000)
  to   space 19456K, 0% used [0x00000000fed00000,0x00000000fed00000,0x0000000100000000)
 ParOldGen       total 175104K, used 37285K [0x00000000e0000000, 0x00000000eab00000, 0x00000000f5580000)
  object space 175104K, 21% used [0x00000000e0000000,0x00000000e2469750,0x00000000eab00000)
 Metaspace       used 61059K, capacity 64370K, committed 64640K, reserved 1103872K
  class space    used 8580K, capacity 9316K, committed 9344K, reserved 1048576K
Event: 115.917 GC heap after
Heap after GC invocations=13 (full 3):
 PSYoungGen      total 146944K, used 16502K [0x00000000f5580000, 0x0000000100000000, 0x0000000100000000)
  eden space 127488K, 0% used [0x00000000f5580000,0x00000000f5580000,0x00000000fd200000)
  from space 19456K, 84% used [0x00000000fed00000,0x00000000ffd1d8f8,0x0000000100000000)
  to   space 23552K, 0% used [0x00000000fd200000,0x00000000fd200000,0x00000000fe900000)
 ParOldGen       total 175104K, used 37293K [0x00000000e0000000, 0x00000000eab00000, 0x00000000f5580000)
  object space 175104K, 21% used [0x00000000e0000000,0x00000000e246b750,0x00000000eab00000)
 Metaspace       used 61059K, capacity 64370K, committed 64640K, reserved 1103872K
  class space    used 8580K, capacity 9316K, committed 9344K, reserved 1048576K
}

